<?xml version="1.0" encoding="UTF-8"?>
<!-- Generated by org.testng.reporters.JUnitXMLReporter -->
<testsuite ignored="4" hostname="Datta" failures="0" tests="3" name="Surefire test" time="37.411" errors="0" timestamp="2023-07-11T10:36:59 IST">
  <testcase classname="com.lifeInsuranceManageentSystem.CreateClientAndLoginWithClientTest" name="createclient" time="11.082"/>
  <testcase classname="com.lifeInsuranceManageentSystem.PaymentsScenarioTest" name="payments" time="4.942"/>
  <testcase classname="com.lifeInsuranceManageentSystem.SystemScenarioNomineeTest" name="nomineeScenario" time="14.813"/>
  <testcase classname="com.genericLibraries.lims.Baseclass" name="@BeforeSuite dbConnectionEastablish" time="0.0">
    <ignored/>
  </testcase> <!-- @BeforeSuite dbConnectionEastablish -->
  <testcase classname="com.genericLibraries.lims.Baseclass" name="@AfterSuite dbConnectionClose" time="0.0">
    <ignored/>
  </testcase> <!-- @AfterSuite dbConnectionClose -->
  <testcase classname="com.genericLibraries.lims.Baseclass" name="@BeforeSuite dbConnectionEastablish" time="0.0">
    <ignored/>
  </testcase> <!-- @BeforeSuite dbConnectionEastablish -->
  <testcase classname="com.genericLibraries.lims.Baseclass" name="@AfterSuite dbConnectionClose" time="0.0">
    <ignored/>
  </testcase> <!-- @AfterSuite dbConnectionClose -->
</testsuite> <!-- Surefire test -->
