<?xml version="1.0" encoding="UTF-8"?>
<!-- Generated by org.testng.reporters.JUnitXMLReporter -->
<testsuite ignored="4" hostname="Datta" failures="0" tests="3" name="Test" time="64.897" errors="0" timestamp="2023-07-12T13:29:15 IST">
  <testcase classname="com.lifeInsuranceManageentSystem.SystemScenarioNomineeTest" name="nomineeScenario" time="31.885"/>
  <testcase classname="com.lifeInsuranceManageentSystem.PaymentsScenarioTest" name="payments" time="4.893"/>
  <testcase classname="com.lifeInsuranceManageentSystem.CreateClientAndLoginWithClientTest" name="createclient" time="17.777"/>
  <testcase classname="com.genericLibraries.lims.Baseclass" name="@AfterSuite dbConnectionClose" time="0.0">
    <ignored/>
  </testcase> <!-- @AfterSuite dbConnectionClose -->
  <testcase classname="com.genericLibraries.lims.Baseclass" name="@AfterSuite dbConnectionClose" time="0.0">
    <ignored/>
  </testcase> <!-- @AfterSuite dbConnectionClose -->
  <testcase classname="com.genericLibraries.lims.Baseclass" name="@BeforeSuite dbConnectionEastablish" time="0.0">
    <ignored/>
  </testcase> <!-- @BeforeSuite dbConnectionEastablish -->
  <testcase classname="com.genericLibraries.lims.Baseclass" name="@BeforeSuite dbConnectionEastablish" time="0.0">
    <ignored/>
  </testcase> <!-- @BeforeSuite dbConnectionEastablish -->
</testsuite> <!-- Test -->
