<?xml version="1.0" encoding="UTF-8"?>
<!-- Generated by org.testng.reporters.JUnitXMLReporter -->
<testsuite ignored="6" hostname="Datta" failures="0" tests="4" name="Command line test" time="96.27" errors="0" timestamp="2023-07-12T13:22:33 IST">
  <testcase classname="com.lifeInsuranceManageentSystem.CreateClientAndLoginWithClientTest" name="createclient" time="22.379"/>
  <testcase classname="com.lifeInsuranceManageentSystem.IntegrationLimsTest" name="limsIntegration" time="26.058"/>
  <testcase classname="com.lifeInsuranceManageentSystem.PaymentsScenarioTest" name="payments" time="5.114"/>
  <testcase classname="com.lifeInsuranceManageentSystem.SystemScenarioNomineeTest" name="nomineeScenario" time="26.649"/>
  <testcase classname="com.genericLibraries.lims.Baseclass" name="@BeforeSuite dbConnectionEastablish" time="0.0">
    <ignored/>
  </testcase> <!-- @BeforeSuite dbConnectionEastablish -->
  <testcase classname="com.genericLibraries.lims.Baseclass" name="@AfterSuite dbConnectionClose" time="0.0">
    <ignored/>
  </testcase> <!-- @AfterSuite dbConnectionClose -->
  <testcase classname="com.genericLibraries.lims.Baseclass" name="@BeforeSuite dbConnectionEastablish" time="0.0">
    <ignored/>
  </testcase> <!-- @BeforeSuite dbConnectionEastablish -->
  <testcase classname="com.genericLibraries.lims.Baseclass" name="@AfterSuite dbConnectionClose" time="0.0">
    <ignored/>
  </testcase> <!-- @AfterSuite dbConnectionClose -->
  <testcase classname="com.genericLibraries.lims.Baseclass" name="@BeforeSuite dbConnectionEastablish" time="0.0">
    <ignored/>
  </testcase> <!-- @BeforeSuite dbConnectionEastablish -->
  <testcase classname="com.genericLibraries.lims.Baseclass" name="@AfterSuite dbConnectionClose" time="0.0">
    <ignored/>
  </testcase> <!-- @AfterSuite dbConnectionClose -->
</testsuite> <!-- Command line test -->
