<?xml version="1.0" encoding="UTF-8" ?>
<testsuite tests="4" failures="0" name="TestSuite" time="80.214" errors="0" skipped="0">
  <properties>
[...]
</properties>
  <testcase classname="com.lifeInsuranceManageentSystem.CreateClientAndLoginWithClientTest" name="createclient" time="22.392"/>
  <testcase classname="com.lifeInsuranceManageentSystem.IntegrationLimsTest" name="limsIntegration" time="26.059"/>
  <testcase classname="com.lifeInsuranceManageentSystem.PaymentsScenarioTest" name="payments" time="5.114"/>
  <testcase classname="com.lifeInsuranceManageentSystem.SystemScenarioNomineeTest" name="nomineeScenario" time="26.649"/>
</testsuite>