<?xml version="1.0" encoding="UTF-8"?>
<testsuite xmlns:xsi="http://www.w3.org/2001/XMLSchema-instance" xsi:noNamespaceSchemaLocation="https://maven.apache.org/surefire/maven-surefire-plugin/xsd/surefire-test-report-3.0.xsd" version="3.0" name="TestSuite" time="38.301" tests="3" errors="0" skipped="0" failures="0">
  <properties>
[...]
</properties>
  <testcase name="createclient" classname="com.lifeInsuranceManageentSystem.CreateClientAndLoginWithClientTest" time="11.077">
    <system-out><![CDATA[DataBase Connection Eastablished
@Beforeclass  -->Executed
@BeforeMethod  -->Executed
Client ID is: 1689051959
nomineeId is: 1689051959-325274530

        
	
            
                	
                Aegon Life
            

            
			
                 

            
        
        
        
            
                
                    
                        
                            

                            
                                welcome, 555                            
                              
                            
                        

                    


                 
                      CLIENTS  
                  
                 
                      AGENTS
                            
                    
                 
                      POLICY
                          
                      
                 
                      NOMINEE
                            
                  
                 
                      PAYMENTS
                            
                     
                    
                     
                

            
		

        
		 
		  
	
           
        
            
                
                    
                        Insert Client
						 
                        Add Client
                        
						
                    
                
				
				
Cliensts profile picture uploaded- image/png.
Warning:  move_uploaded_file(uploads/Screenshot (24).png): Failed to open stream: No such file or directory in C:\xampp\htdocs\domain\Life_Insurance_Management_System\insertClient.php on line 133

Warning:  move_uploaded_file(): Unable to move "C:\xampp\tmp\php570D.tmp" to "uploads/Screenshot (24).png" in C:\xampp\htdocs\domain\Life_Insurance_Management_System\insertClient.php on line 133
Sorry, there was an error uploading your file.New Client ADDEDNew Nominee ADDED

			

                

            
        
        


    
    

   
    





The Client present in the list 1689051959
1689051959
The nominee is present 1689051959-325274530
1689051959-325274530
]]></system-out>
    <system-err><![CDATA[SLF4J: Failed to load class "org.slf4j.impl.StaticLoggerBinder".
SLF4J: Defaulting to no-operation (NOP) logger implementation
SLF4J: See http://www.slf4j.org/codes.html#StaticLoggerBinder for further details.
Loading class `com.mysql.jdbc.Driver'. This is deprecated. The new driver class is `com.mysql.cj.jdbc.Driver'. The driver is automatically registered via the SPI and manual loading of the driver class is generally unnecessary.
ERROR StatusLogger Log4j2 could not find a logging implementation. Please add log4j-core to the classpath. Using SimpleLogger to log to the console...
Starting ChromeDriver 114.0.5735.90 (386bc09e8f4f2e025eddae123f36f6263096ae49-refs/branch-heads/5735@{#1052}) on port 45646
Only local connections are allowed.
Please see https://chromedriver.chromium.org/security-considerations for suggestions on keeping ChromeDriver safe.
ChromeDriver was started successfully.
Jul 11, 2023 10:36:23 AM org.openqa.selenium.devtools.CdpVersionFinder findNearestMatch
WARNING: Unable to find an exact match for CDP version 114, so returning the closest version found: 111
]]></system-err>
  </testcase>
  <testcase name="payments" classname="com.lifeInsuranceManageentSystem.PaymentsScenarioTest" time="4.941">
    <system-out><![CDATA[@AfterMethod  -->Executed
@AfterMethod  -->Executed
@Beforeclass  -->Executed
@BeforeMethod  -->Executed
The receipt no. is: 1689051972_488353417
The payment message must be show: true
The payment receipt no. is present 1689051972_488353417
]]></system-out>
    <system-err><![CDATA[Jul 11, 2023 10:36:35 AM org.openqa.selenium.remote.http.WebSocket$Listener onError
WARNING: Connection reset
java.net.SocketException: Connection reset
	at java.base/sun.nio.ch.SocketChannelImpl.throwConnectionReset(SocketChannelImpl.java:394)
	at java.base/sun.nio.ch.SocketChannelImpl.read(SocketChannelImpl.java:426)
	at io.netty.buffer.PooledByteBuf.setBytes(PooledByteBuf.java:256)
	at io.netty.buffer.AbstractByteBuf.writeBytes(AbstractByteBuf.java:1132)
	at io.netty.channel.socket.nio.NioSocketChannel.doReadBytes(NioSocketChannel.java:357)
	at io.netty.channel.nio.AbstractNioByteChannel$NioByteUnsafe.read(AbstractNioByteChannel.java:151)
	at io.netty.channel.nio.NioEventLoop.processSelectedKey(NioEventLoop.java:788)
	at io.netty.channel.nio.NioEventLoop.processSelectedKeysOptimized(NioEventLoop.java:724)
	at io.netty.channel.nio.NioEventLoop.processSelectedKeys(NioEventLoop.java:650)
	at io.netty.channel.nio.NioEventLoop.run(NioEventLoop.java:562)
	at io.netty.util.concurrent.SingleThreadEventExecutor$4.run(SingleThreadEventExecutor.java:997)
	at io.netty.util.internal.ThreadExecutorMap$2.run(ThreadExecutorMap.java:74)
	at io.netty.util.concurrent.FastThreadLocalRunnable.run(FastThreadLocalRunnable.java:30)
	at java.base/java.lang.Thread.run(Thread.java:833)

Starting ChromeDriver 114.0.5735.90 (386bc09e8f4f2e025eddae123f36f6263096ae49-refs/branch-heads/5735@{#1052}) on port 21357
Only local connections are allowed.
Please see https://chromedriver.chromium.org/security-considerations for suggestions on keeping ChromeDriver safe.
ChromeDriver was started successfully.
Jul 11, 2023 10:36:36 AM org.openqa.selenium.devtools.CdpVersionFinder findNearestMatch
WARNING: Unable to find an exact match for CDP version 114, so returning the closest version found: 111
]]></system-err>
  </testcase>
  <testcase name="nomineeScenario" classname="com.lifeInsuranceManageentSystem.SystemScenarioNomineeTest" time="14.813">
    <system-out><![CDATA[@AfterMethod  -->Executed
@AfterMethod  -->Executed
@Beforeclass  -->Executed
@BeforeMethod  -->Executed
Client ID is: 1689051979
nomineeId is: 1689051979-1015450420

        
	
            
                	
                Aegon Life
            

            
			
                 

            
        
        
        
            
                
                    
                        
                            

                            
                                welcome, 555                            
                              
                            
                        

                    


                 
                      CLIENTS  
                  
                 
                      AGENTS
                            
                    
                 
                      POLICY
                          
                      
                 
                      NOMINEE
                            
                  
                 
                      PAYMENTS
                            
                     
                    
                     
                

            
		

        
		 
		  
	
           
        
            
                
                    
                        Insert Client
						 
                        Add Client
                        
						
                    
                
				
				
Cliensts profile picture uploaded- image/png.
Warning:  move_uploaded_file(uploads/Screenshot (24).png): Failed to open stream: No such file or directory in C:\xampp\htdocs\domain\Life_Insurance_Management_System\insertClient.php on line 133

Warning:  move_uploaded_file(): Unable to move "C:\xampp\tmp\php9F54.tmp" to "uploads/Screenshot (24).png" in C:\xampp\htdocs\domain\Life_Insurance_Management_System\insertClient.php on line 133
Sorry, there was an error uploading your file.New Client ADDEDNew Nominee ADDED

			

                

            
        
        


    
    

   
    





The Client present in the list 1689051979
1689051979
The nominee is present 1689051979-1015450420
1689051979-1015450420
The provided nominee id is present 1689051979-1015450420
]]></system-out>
    <system-err><![CDATA[Jul 11, 2023 10:36:42 AM org.openqa.selenium.remote.http.WebSocket$Listener onError
WARNING: Connection reset
java.net.SocketException: Connection reset
	at java.base/sun.nio.ch.SocketChannelImpl.throwConnectionReset(SocketChannelImpl.java:394)
	at java.base/sun.nio.ch.SocketChannelImpl.read(SocketChannelImpl.java:426)
	at io.netty.buffer.PooledByteBuf.setBytes(PooledByteBuf.java:256)
	at io.netty.buffer.AbstractByteBuf.writeBytes(AbstractByteBuf.java:1132)
	at io.netty.channel.socket.nio.NioSocketChannel.doReadBytes(NioSocketChannel.java:357)
	at io.netty.channel.nio.AbstractNioByteChannel$NioByteUnsafe.read(AbstractNioByteChannel.java:151)
	at io.netty.channel.nio.NioEventLoop.processSelectedKey(NioEventLoop.java:788)
	at io.netty.channel.nio.NioEventLoop.processSelectedKeysOptimized(NioEventLoop.java:724)
	at io.netty.channel.nio.NioEventLoop.processSelectedKeys(NioEventLoop.java:650)
	at io.netty.channel.nio.NioEventLoop.run(NioEventLoop.java:562)
	at io.netty.util.concurrent.SingleThreadEventExecutor$4.run(SingleThreadEventExecutor.java:997)
	at io.netty.util.internal.ThreadExecutorMap$2.run(ThreadExecutorMap.java:74)
	at io.netty.util.concurrent.FastThreadLocalRunnable.run(FastThreadLocalRunnable.java:30)
	at java.base/java.lang.Thread.run(Thread.java:833)

Starting ChromeDriver 114.0.5735.90 (386bc09e8f4f2e025eddae123f36f6263096ae49-refs/branch-heads/5735@{#1052}) on port 29946
Only local connections are allowed.
Please see https://chromedriver.chromium.org/security-considerations for suggestions on keeping ChromeDriver safe.
ChromeDriver was started successfully.
Jul 11, 2023 10:36:43 AM org.openqa.selenium.devtools.CdpVersionFinder findNearestMatch
WARNING: Unable to find an exact match for CDP version 114, so returning the closest version found: 111
]]></system-err>
  </testcase>
</testsuite>