<?xml version="1.0" encoding="UTF-8"?>
<testng-results ignored="4" total="7" passed="3" failed="0" skipped="0">
  <reporter-output>
    <line>
      <![CDATA[Test Test Suite execution Started ]]>
    </line>
    <line>
      <![CDATA[null Test execution Started ]]>
    </line>
    <line>
      <![CDATA[null Test succefully executed ]]>
    </line>
    <line>
      <![CDATA[null Test execution Started ]]>
    </line>
    <line>
      <![CDATA[null Test succefully executed ]]>
    </line>
    <line>
      <![CDATA[null Test execution Started ]]>
    </line>
    <line>
      <![CDATA[null Test succefully executed ]]>
    </line>
  </reporter-output>
  <suite started-at="2023-07-12T13:28:10 IST" name="Suite" finished-at="2023-07-12T13:29:15 IST" duration-ms="64897">
    <groups>
      <group name="Regression">
        <method signature="PaymentsScenarioTest.payments()[pri:0, instance:com.lifeInsuranceManageentSystem.PaymentsScenarioTest@3ad83a66]" name="payments" class="com.lifeInsuranceManageentSystem.PaymentsScenarioTest"/>
        <method signature="SystemScenarioNomineeTest.nomineeScenario()[pri:0, instance:com.lifeInsuranceManageentSystem.SystemScenarioNomineeTest@740fb309]" name="nomineeScenario" class="com.lifeInsuranceManageentSystem.SystemScenarioNomineeTest"/>
      </group> <!-- Regression -->
      <group name="Smoke">
        <method signature="CreateClientAndLoginWithClientTest.createclient()[pri:0, instance:com.lifeInsuranceManageentSystem.CreateClientAndLoginWithClientTest@3cce5371]" name="createclient" class="com.lifeInsuranceManageentSystem.CreateClientAndLoginWithClientTest"/>
        <method signature="PaymentsScenarioTest.payments()[pri:0, instance:com.lifeInsuranceManageentSystem.PaymentsScenarioTest@3ad83a66]" name="payments" class="com.lifeInsuranceManageentSystem.PaymentsScenarioTest"/>
      </group> <!-- Smoke -->
    </groups>
    <test started-at="2023-07-12T13:28:10 IST" name="Test" finished-at="2023-07-12T13:29:15 IST" duration-ms="64897">
      <class name="com.lifeInsuranceManageentSystem.SystemScenarioNomineeTest">
        <test-method is-config="true" signature="dbConnectionEastablish()[pri:0, instance:com.lifeInsuranceManageentSystem.SystemScenarioNomineeTest@740fb309]" started-at="2023-07-12T13:28:10 IST" name="dbConnectionEastablish" finished-at="2023-07-12T13:28:10 IST" duration-ms="342" status="PASS">
          <reporter-output>
          </reporter-output>
        </test-method> <!-- dbConnectionEastablish -->
        <test-method is-config="true" signature="openBrowser()[pri:0, instance:com.lifeInsuranceManageentSystem.SystemScenarioNomineeTest@740fb309]" started-at="2023-07-12T13:28:10 IST" name="openBrowser" finished-at="2023-07-12T13:28:13 IST" duration-ms="3541" status="PASS">
          <reporter-output>
          </reporter-output>
        </test-method> <!-- openBrowser -->
        <test-method is-config="true" signature="loginToApp()[pri:0, instance:com.lifeInsuranceManageentSystem.SystemScenarioNomineeTest@740fb309]" started-at="2023-07-12T13:28:13 IST" name="loginToApp" finished-at="2023-07-12T13:28:14 IST" duration-ms="497" status="PASS">
          <reporter-output>
          </reporter-output>
        </test-method> <!-- loginToApp -->
        <test-method signature="nomineeScenario()[pri:0, instance:com.lifeInsuranceManageentSystem.SystemScenarioNomineeTest@740fb309]" started-at="2023-07-12T13:28:14 IST" name="nomineeScenario" finished-at="2023-07-12T13:28:46 IST" duration-ms="31885" status="PASS">
          <reporter-output>
            <line>
              <![CDATA[null Test execution Started ]]>
            </line>
            <line>
              <![CDATA[null Test succefully executed ]]>
            </line>
          </reporter-output>
        </test-method> <!-- nomineeScenario -->
        <test-method is-config="true" signature="logoutFromApp()[pri:0, instance:com.lifeInsuranceManageentSystem.SystemScenarioNomineeTest@740fb309]" started-at="2023-07-12T13:28:46 IST" name="logoutFromApp" finished-at="2023-07-12T13:28:46 IST" duration-ms="164" status="PASS">
          <reporter-output>
          </reporter-output>
        </test-method> <!-- logoutFromApp -->
        <test-method is-config="true" signature="closeBrowser()[pri:0, instance:com.lifeInsuranceManageentSystem.SystemScenarioNomineeTest@740fb309]" started-at="2023-07-12T13:28:46 IST" name="closeBrowser" finished-at="2023-07-12T13:28:46 IST" duration-ms="151" status="PASS">
          <reporter-output>
          </reporter-output>
        </test-method> <!-- closeBrowser -->
        <test-method is-config="true" signature="dbConnectionClose()[pri:0, instance:com.lifeInsuranceManageentSystem.SystemScenarioNomineeTest@740fb309]" started-at="2023-07-12T13:29:15 IST" name="dbConnectionClose" finished-at="2023-07-12T13:29:15 IST" duration-ms="16" status="PASS">
          <reporter-output>
          </reporter-output>
        </test-method> <!-- dbConnectionClose -->
      </class> <!-- com.lifeInsuranceManageentSystem.SystemScenarioNomineeTest -->
      <class name="com.lifeInsuranceManageentSystem.PaymentsScenarioTest">
        <test-method is-config="true" signature="openBrowser()[pri:0, instance:com.lifeInsuranceManageentSystem.PaymentsScenarioTest@3ad83a66]" started-at="2023-07-12T13:28:46 IST" name="openBrowser" finished-at="2023-07-12T13:28:48 IST" duration-ms="2219" status="PASS">
          <reporter-output>
          </reporter-output>
        </test-method> <!-- openBrowser -->
        <test-method is-config="true" signature="loginToApp()[pri:0, instance:com.lifeInsuranceManageentSystem.PaymentsScenarioTest@3ad83a66]" started-at="2023-07-12T13:28:48 IST" name="loginToApp" finished-at="2023-07-12T13:28:49 IST" duration-ms="460" status="PASS">
          <reporter-output>
          </reporter-output>
        </test-method> <!-- loginToApp -->
        <test-method signature="payments()[pri:0, instance:com.lifeInsuranceManageentSystem.PaymentsScenarioTest@3ad83a66]" started-at="2023-07-12T13:28:49 IST" name="payments" finished-at="2023-07-12T13:28:54 IST" duration-ms="4893" status="PASS">
          <reporter-output>
            <line>
              <![CDATA[null Test execution Started ]]>
            </line>
            <line>
              <![CDATA[null Test succefully executed ]]>
            </line>
          </reporter-output>
        </test-method> <!-- payments -->
        <test-method is-config="true" signature="logoutFromApp()[pri:0, instance:com.lifeInsuranceManageentSystem.PaymentsScenarioTest@3ad83a66]" started-at="2023-07-12T13:28:54 IST" name="logoutFromApp" finished-at="2023-07-12T13:28:54 IST" duration-ms="110" status="PASS">
          <reporter-output>
          </reporter-output>
        </test-method> <!-- logoutFromApp -->
        <test-method is-config="true" signature="closeBrowser()[pri:0, instance:com.lifeInsuranceManageentSystem.PaymentsScenarioTest@3ad83a66]" started-at="2023-07-12T13:28:54 IST" name="closeBrowser" finished-at="2023-07-12T13:28:54 IST" duration-ms="119" status="PASS">
          <reporter-output>
          </reporter-output>
        </test-method> <!-- closeBrowser -->
      </class> <!-- com.lifeInsuranceManageentSystem.PaymentsScenarioTest -->
      <class name="com.lifeInsuranceManageentSystem.CreateClientAndLoginWithClientTest">
        <test-method is-config="true" signature="openBrowser()[pri:0, instance:com.lifeInsuranceManageentSystem.CreateClientAndLoginWithClientTest@3cce5371]" started-at="2023-07-12T13:28:54 IST" name="openBrowser" finished-at="2023-07-12T13:28:56 IST" duration-ms="2034" status="PASS">
          <reporter-output>
          </reporter-output>
        </test-method> <!-- openBrowser -->
        <test-method is-config="true" signature="loginToApp()[pri:0, instance:com.lifeInsuranceManageentSystem.CreateClientAndLoginWithClientTest@3cce5371]" started-at="2023-07-12T13:28:56 IST" name="loginToApp" finished-at="2023-07-12T13:28:57 IST" duration-ms="585" status="PASS">
          <reporter-output>
          </reporter-output>
        </test-method> <!-- loginToApp -->
        <test-method signature="createclient()[pri:0, instance:com.lifeInsuranceManageentSystem.CreateClientAndLoginWithClientTest@3cce5371]" started-at="2023-07-12T13:28:57 IST" name="createclient" finished-at="2023-07-12T13:29:14 IST" duration-ms="17777" status="PASS">
          <reporter-output>
            <line>
              <![CDATA[null Test execution Started ]]>
            </line>
            <line>
              <![CDATA[null Test succefully executed ]]>
            </line>
          </reporter-output>
        </test-method> <!-- createclient -->
        <test-method is-config="true" signature="logoutFromApp()[pri:0, instance:com.lifeInsuranceManageentSystem.CreateClientAndLoginWithClientTest@3cce5371]" started-at="2023-07-12T13:29:14 IST" name="logoutFromApp" finished-at="2023-07-12T13:29:15 IST" duration-ms="186" status="PASS">
          <reporter-output>
          </reporter-output>
        </test-method> <!-- logoutFromApp -->
        <test-method is-config="true" signature="closeBrowser()[pri:0, instance:com.lifeInsuranceManageentSystem.CreateClientAndLoginWithClientTest@3cce5371]" started-at="2023-07-12T13:29:15 IST" name="closeBrowser" finished-at="2023-07-12T13:29:15 IST" duration-ms="208" status="PASS">
          <reporter-output>
          </reporter-output>
        </test-method> <!-- closeBrowser -->
      </class> <!-- com.lifeInsuranceManageentSystem.CreateClientAndLoginWithClientTest -->
    </test> <!-- Test -->
  </suite> <!-- Suite -->
</testng-results>
