<?xml version="1.0" encoding="UTF-8"?>
<testng-results ignored="0" total="1" passed="1" failed="0" skipped="0">
  <reporter-output>
  </reporter-output>
  <suite started-at="2023-07-14T11:41:40 IST" name="Default suite" finished-at="2023-07-14T11:42:20 IST" duration-ms="40003">
    <groups>
      <group name="Regression">
        <method signature="IntegrationLimsTest.limsIntegration()[pri:0, instance:com.lifeInsuranceManageentSystem.IntegrationLimsTest@6f204a1a]" name="limsIntegration" class="com.lifeInsuranceManageentSystem.IntegrationLimsTest"/>
      </group> <!-- Regression -->
      <group name="Smoke">
        <method signature="IntegrationLimsTest.limsIntegration()[pri:0, instance:com.lifeInsuranceManageentSystem.IntegrationLimsTest@6f204a1a]" name="limsIntegration" class="com.lifeInsuranceManageentSystem.IntegrationLimsTest"/>
      </group> <!-- Smoke -->
    </groups>
    <test started-at="2023-07-14T11:41:40 IST" name="Default test" finished-at="2023-07-14T11:42:20 IST" duration-ms="40003">
      <class name="com.lifeInsuranceManageentSystem.IntegrationLimsTest">
        <test-method is-config="true" signature="dbConnectionEastablish()[pri:0, instance:com.lifeInsuranceManageentSystem.IntegrationLimsTest@6f204a1a]" started-at="2023-07-14T11:41:40 IST" name="dbConnectionEastablish" finished-at="2023-07-14T11:41:40 IST" duration-ms="510" status="PASS">
          <reporter-output>
          </reporter-output>
        </test-method> <!-- dbConnectionEastablish -->
        <test-method is-config="true" signature="openBrowser()[pri:0, instance:com.lifeInsuranceManageentSystem.IntegrationLimsTest@6f204a1a]" started-at="2023-07-14T11:41:41 IST" name="openBrowser" finished-at="2023-07-14T11:41:45 IST" duration-ms="3987" status="PASS">
          <reporter-output>
          </reporter-output>
        </test-method> <!-- openBrowser -->
        <test-method is-config="true" signature="loginToApp()[pri:0, instance:com.lifeInsuranceManageentSystem.IntegrationLimsTest@6f204a1a]" started-at="2023-07-14T11:41:45 IST" name="loginToApp" finished-at="2023-07-14T11:41:46 IST" duration-ms="685" status="PASS">
          <reporter-output>
          </reporter-output>
        </test-method> <!-- loginToApp -->
        <test-method signature="limsIntegration()[pri:0, instance:com.lifeInsuranceManageentSystem.IntegrationLimsTest@6f204a1a]" started-at="2023-07-14T11:41:46 IST" name="limsIntegration" finished-at="2023-07-14T11:42:20 IST" duration-ms="34560" status="PASS">
          <reporter-output>
          </reporter-output>
        </test-method> <!-- limsIntegration -->
        <test-method is-config="true" signature="logoutFromApp()[pri:0, instance:com.lifeInsuranceManageentSystem.IntegrationLimsTest@6f204a1a]" started-at="2023-07-14T11:42:20 IST" name="logoutFromApp" finished-at="2023-07-14T11:42:20 IST" duration-ms="167" status="PASS">
          <reporter-output>
          </reporter-output>
        </test-method> <!-- logoutFromApp -->
        <test-method is-config="true" signature="closeBrowser()[pri:0, instance:com.lifeInsuranceManageentSystem.IntegrationLimsTest@6f204a1a]" started-at="2023-07-14T11:42:20 IST" name="closeBrowser" finished-at="2023-07-14T11:42:20 IST" duration-ms="139" status="PASS">
          <reporter-output>
          </reporter-output>
        </test-method> <!-- closeBrowser -->
        <test-method is-config="true" signature="dbConnectionClose()[pri:0, instance:com.lifeInsuranceManageentSystem.IntegrationLimsTest@6f204a1a]" started-at="2023-07-14T11:42:21 IST" name="dbConnectionClose" finished-at="2023-07-14T11:42:21 IST" duration-ms="31" status="PASS">
          <reporter-output>
          </reporter-output>
        </test-method> <!-- dbConnectionClose -->
      </class> <!-- com.lifeInsuranceManageentSystem.IntegrationLimsTest -->
    </test> <!-- Default test -->
  </suite> <!-- Default suite -->
</testng-results>
